2022-09-23-22:39:22 INFO  this is info log started
2022-09-23-22:39:26 INFO  this is info log completed
2022-09-24-08:22:51 INFO  this is info log started
2022-09-24-08:22:56 INFO  this is info log completed
2022-09-24-08:24:41 INFO  this is info log started
2022-09-24-08:24:43 INFO  this is info log completed
2022-09-24-08:24:43 ERROR this is a error message
2022-09-24-08:58:05 INFO  this is info log started
2022-09-24-08:58:10 INFO  this is info log completed
2022-09-24-08:58:10 ERROR this is a error message
2022-09-24-08:59:21 INFO  this is info log started
2022-09-24-08:59:26 INFO  this is info log completed
2022-09-24-08:59:26 ERROR this is a error message
2022-09-24-12:18:14 INFO  this is info log started
2022-09-24-12:18:24 INFO  this is info log completed
2022-09-24-12:18:24 ERROR this is a error message
2022-09-24-12:22:20 INFO  this is info log started
2022-09-24-12:22:23 INFO  this is info log completed
2022-09-24-12:39:34 INFO  this is info log started
2022-09-24-12:39:36 INFO  this is info log completed
2022-09-24-12:40:30 INFO  this is info log started
2022-09-24-12:40:32 INFO  this is info log completed
2022-09-24-12:41:14 INFO  this is info log started
2022-09-24-12:41:17 INFO  this is info log completed
2022-09-24-12:41:47 INFO  this is info log started
2022-09-24-12:41:51 INFO  this is info log completed
2022-09-24-12:44:31 INFO  this is info log started
2022-09-24-12:44:33 INFO  this is info log completed
2022-09-24-12:44:33 ERROR this is a error message
2022-09-24-12:45:17 INFO  this is info log started
2022-09-24-12:45:21 INFO  this is info log completed
2022-09-24-12:46:04 INFO  this is info log started
2022-09-24-12:46:07 INFO  this is info log completed
2022-09-24-12:46:07 ERROR this is a error message
2022-09-24-12:50:01 INFO  this is info log started
2022-09-24-12:50:04 INFO  this is info log completed
2022-09-24-12:50:04 ERROR this is a error message
2022-09-24-12:51:06 INFO  this is info log started
2022-09-24-12:51:11 INFO  this is info log completed
2022-09-24-12:51:51 INFO  screenshot is captured
2022-09-24-13:15:21 INFO  this is info log started
2022-09-24-13:15:24 INFO  this is info log completed
2022-09-24-13:15:24 ERROR this is a error message
2022-09-24-13:18:28 INFO  this is info log started
2022-09-24-13:18:31 INFO  this is info log completed
2022-09-24-13:18:31 ERROR this is a error message
2022-09-24-13:22:28 INFO  this is info log started
2022-09-24-13:22:31 INFO  this is info log completed
2022-09-24-13:22:31 ERROR this is a error message
2022-09-24-13:24:06 INFO  this is info log started
2022-09-24-13:24:09 INFO  this is info log completed
2022-09-24-13:24:09 ERROR this is a error message
2022-09-24-13:25:46 INFO  this is info log started
2022-09-24-13:25:50 INFO  this is info log completed
2022-09-24-13:25:50 INFO  screenshot is captured
2022-09-24-13:25:50 ERROR this is a error message
2022-09-24-13:54:40 INFO  this is info log started
2022-09-24-13:54:43 INFO  this is info log completed
2022-09-24-13:54:44 INFO  screenshot is captured
2022-09-24-13:54:44 ERROR this is a error message
2022-09-24-13:55:35 INFO  this is info log started
2022-09-24-13:55:38 INFO  this is info log completed
2022-09-24-13:55:38 INFO  screenshot is captured
2022-09-24-13:55:38 ERROR this is a error message
2022-09-24-13:56:20 INFO  this is info log started
2022-09-24-13:56:22 INFO  this is info log completed
2022-09-24-13:56:23 INFO  screenshot is captured
2022-09-24-13:56:23 ERROR this is a error message inside
2022-09-24-13:58:28 INFO  this is info log started
2022-09-24-13:58:30 INFO  this is info log completed
2022-09-24-13:58:31 INFO  screenshot is captured
2022-09-24-14:00:12 INFO  this is info log started
2022-09-24-14:00:16 INFO  this is info log completed
2022-09-24-14:00:16 INFO  screenshot is captured
2022-09-24-14:00:35 INFO  this is info log started
2022-09-24-14:00:38 INFO  this is info log completed
2022-09-24-14:00:38 INFO  screenshot is captured
2022-09-24-14:01:48 INFO  this is info log started
2022-09-24-14:01:51 INFO  this is info log completed
2022-09-24-14:01:51 INFO  screenshot is captured
2022-09-24-14:41:41 INFO  this is info log started
2022-09-24-14:41:44 INFO  this is info log completed
2022-09-24-14:41:44 INFO  screenshot is captured
2022-09-24-14:42:06 INFO  this is info log started
2022-09-24-14:42:08 INFO  this is info log completed
2022-09-24-14:42:08 INFO  screenshot is captured
2022-09-27-12:59:27 INFO  this is info log started
